<?xml version="1.0" encoding="UTF-8"?>
<!-- Generated by org.testng.reporters.JUnitReportReporter -->
<testsuite skipped="0" hostname="DESKTOP-CCMLDNA" name="com.gojekassessment.Test.TestApiComparator" tests="1" failures="0" timestamp="14 Sep 2018 18:14:25 GMT" time="11.572" errors="0">
  <testcase name="verifyApiResponses" time="11.572" classname="com.gojekassessment.Test.TestApiComparator"/>
</testsuite> <!-- com.gojekassessment.Test.TestApiComparator -->
